<?xml version="1.0" encoding="UTF-8"?>
<testsuite name="org.openmrs.PersonTest" time="0.619" tests="36" errors="0" skipped="0" failures="0">
  <properties>
[...]
</properties>
  <testcase name="getAge_shouldGetAgeWithGivenDateAfterDeath" classname="org.openmrs.PersonTest" time="0.491"/>
  <testcase name="getAttributes_shouldReturnEmptyListWhenMatchingPersonAttributeByIdIsVoided" classname="org.openmrs.PersonTest" time="0.003"/>
  <testcase name="getPersonName_shouldGetVoidedPersonAddressIfPersonIsVoidedAndNotvoidedAddressDoesNotExist" classname="org.openmrs.PersonTest" time="0.003"/>
  <testcase name="getPersonAddress_shouldGetNotvoidedPersonAddressIfPreferredAddressDoesNotExist" classname="org.openmrs.PersonTest" time="0.004"/>
  <testcase name="getAge_shouldGetAgeAfterBirthday" classname="org.openmrs.PersonTest" time="0.003"/>
  <testcase name="shouldSetInexactBirthdateFromAge" classname="org.openmrs.PersonTest" time="0.003"/>
  <testcase name="getAttribute_shouldPersonAttributeBasedOnAttributeName" classname="org.openmrs.PersonTest" time="0.004"/>
  <testcase name="getPersonName_shouldReturnNullIfPersonIsNotvoidedAndHaveVoidedNames" classname="org.openmrs.PersonTest" time="0.008"/>
  <testcase name="getBirthDateTime_shouldReturnNullIfBirthdateIsNull" classname="org.openmrs.PersonTest" time="0.004"/>
  <testcase name="getPersonAddress_shouldGetPreferredAndNotvoidedPersonAddressIfExist" classname="org.openmrs.PersonTest" time="0.003"/>
  <testcase name="getAttributes_shouldReturnAllPersonAttributesWithMatchingAttributeTypeNames" classname="org.openmrs.PersonTest" time="0.007"/>
  <testcase name="shouldSetDeadToTrueIfSetDeathdate" classname="org.openmrs.PersonTest" time="0.004"/>
  <testcase name="addAttribute_shouldNotSaveAnAttributeWithABlankStringValue" classname="org.openmrs.PersonTest" time="0.004"/>
  <testcase name="getBirthDateTime_shouldReturnNullIfBirthtimeIsNull" classname="org.openmrs.PersonTest" time="0.005"/>
  <testcase name="getPersonAddress_shouldReturnNullIfPersonIsNotvoidedAndHaveVoidedAddress" classname="org.openmrs.PersonTest" time="0.004"/>
  <testcase name="shouldAddRemoveName" classname="org.openmrs.PersonTest" time="0.004"/>
  <testcase name="getAge_shouldGetAgeBeforeBirthday" classname="org.openmrs.PersonTest" time="0.004"/>
  <testcase name="getBirthDateTime_shouldReturnBirthDateTimeAlongWithBirthdate" classname="org.openmrs.PersonTest" time="0.004"/>
  <testcase name="addAttribute_shouldNotSaveAnAttributeWithANullValue" classname="org.openmrs.PersonTest" time="0.003"/>
  <testcase name="getPersonName_shouldGetPreferredAndNotvoidedPersonNameIfExist" classname="org.openmrs.PersonTest" time="0.003"/>
  <testcase name="getAge_shouldGetAgeWithGivenDateBeforeBirth" classname="org.openmrs.PersonTest" time="0.003"/>
  <testcase name="getAge_shouldGetAgeWithGivenDateBeforeDeath" classname="org.openmrs.PersonTest" time="0.004"/>
  <testcase name="getAge_shouldGetAgeOnBirthdayWithMinutesDefined" classname="org.openmrs.PersonTest" time="0.002"/>
  <testcase name="getPersonAddress_shouldGetVoidedPersonAddressIfPersonIsVoidedAndNotvoidedAddressDoesNotExist" classname="org.openmrs.PersonTest" time="0.004"/>
  <testcase name="getAttribute_shouldReturnNullIfAttributeNameIsVoided" classname="org.openmrs.PersonTest" time="0.007"/>
  <testcase name="getAge_shouldGetAgeAfterDeath" classname="org.openmrs.PersonTest" time="0.003"/>
  <testcase name="shouldAddRemoveAddress" classname="org.openmrs.PersonTest" time="0.003"/>
  <testcase name="getAttribute_shouldreturnPersonAttributeBasedOnAttributeTypeId" classname="org.openmrs.PersonTest" time="0.003"/>
  <testcase name="getAttributes_shouldReturnListOfPersonAttributesBasedOnAttributeTypeId" classname="org.openmrs.PersonTest" time="0.002"/>
  <testcase name="shouldAddRemoveAttribute" classname="org.openmrs.PersonTest" time="0.003"/>
  <testcase name="getAttribute_shouldReturnNullWhenExistingPersonAttributeWithMatchingAttributeTypeIdIsVoided" classname="org.openmrs.PersonTest" time="0.003"/>
  <testcase name="addAttribute_shouldVoidOldAttributeWhenANullOrBlankStringValueIsAdded" classname="org.openmrs.PersonTest" time="0.004"/>
  <testcase name="getAge_shouldGetAgeOnBirthdayWithNoMinutesDefined" classname="org.openmrs.PersonTest" time="0.003"/>
  <testcase name="addAddress_shouldNotAddAPersonAddressWithBlankFields" classname="org.openmrs.PersonTest" time="0.002"/>
  <testcase name="getAttribute_shouldReturnNullWhenExistingPersonAttributeTypeIsVoided" classname="org.openmrs.PersonTest" time="0.002"/>
  <testcase name="getPersonName_shouldGetNotvoidedPersonNameIfPreferredAddressDoesNotExist" classname="org.openmrs.PersonTest" time="0.003"/>
</testsuite>