<?xml version="1.0" encoding="UTF-8"?>
<testsuite name="org.openmrs.util.LocaleUtilityTest" time="0.195" tests="21" errors="0" skipped="0" failures="0">
  <properties>
[...]
</properties>
  <testcase name="getDefaultLocale_shouldNotReturnNullIfGlobalPropertyDoesNotExist" classname="org.openmrs.util.LocaleUtilityTest" time="0.139"/>
  <testcase name="fromSpecification_shouldGetLocaleFromLanguageCodeCountryCodeAndVariant" classname="org.openmrs.util.LocaleUtilityTest" time="0.002"/>
  <testcase name="areCompatible_shouldConfirmMatchingLanguageAsCompatible" classname="org.openmrs.util.LocaleUtilityTest" time="0.003"/>
  <testcase name="getDefaultLocale_shouldNotFailWithBogusGlobalPropertyValue" classname="org.openmrs.util.LocaleUtilityTest" time="0.005"/>
  <testcase name="getDefaultLocale_shouldNotCacheLocaleWhenSessionIsNotOpen" classname="org.openmrs.util.LocaleUtilityTest" time="0.005"/>
  <testcase name="fromSpecification_shouldGetLocaleFromTwoCharacterLanguageCode" classname="org.openmrs.util.LocaleUtilityTest" time="0.002"/>
  <testcase name="getLocalesInOrder_shouldAlwaysHaveDefaultLocaleDefaultValueIncludedInTheReturnedCollection" classname="org.openmrs.util.LocaleUtilityTest" time="0.003"/>
  <testcase name="fromSpecification_shouldGetLocaleFromLanguageCodeAndCountryCode" classname="org.openmrs.util.LocaleUtilityTest" time="0.003"/>
  <testcase name="getLocalesInOrder_shouldReturnASetOfLocalesWithAPredictableOrder" classname="org.openmrs.util.LocaleUtilityTest" time="0.003"/>
  <testcase name="areCompatible_shouldConfirmMatchingCountryAsCompatible" classname="org.openmrs.util.LocaleUtilityTest" time="0.002"/>
  <testcase name="getLocalesInOrder_shouldReturnASetOfLocalesWithNoDuplicates" classname="org.openmrs.util.LocaleUtilityTest" time="0.004"/>
  <testcase name="areCompatible_shouldNotConfirmDifferentLanguageAsCompatible" classname="org.openmrs.util.LocaleUtilityTest" time="0.002"/>
  <testcase name="getDefaultLocale_shouldReturnLocaleObjectForGlobalProperty" classname="org.openmrs.util.LocaleUtilityTest" time="0.004"/>
  <testcase name="areCompatible_shouldConfirmDifferentLanguageMissingCountryAsCompatible" classname="org.openmrs.util.LocaleUtilityTest" time="0.002"/>
  <testcase name="getLocalesInOrder_shouldHaveDefaultLocaleAsTheSecondElementIfUserHasAPreferredLocale" classname="org.openmrs.util.LocaleUtilityTest" time="0.002"/>
  <testcase name="should_resetTheLocale" classname="org.openmrs.util.LocaleUtilityTest" time="0.003"/>
  <testcase name="getDefaultLocale_shouldNotFailWithEmptyGlobalPropertyValue" classname="org.openmrs.util.LocaleUtilityTest" time="0.003"/>
  <testcase name="areCompatible_shouldNotConfirmDifferentCountryAsCompatible" classname="org.openmrs.util.LocaleUtilityTest" time="0.002"/>
  <testcase name="getLocalesInOrder_shouldHaveDefaultLocaleAsTheFirstElementIfUserHasNoPreferredLocale" classname="org.openmrs.util.LocaleUtilityTest" time="0.002"/>
  <testcase name="getLocalesInOrder_shouldAlwaysHaveEnglishIncludedInTheReturnedCollection" classname="org.openmrs.util.LocaleUtilityTest" time="0.002"/>
  <testcase name="areCompatible_shouldConfirmSameLanguageMissingCountryAsCompatible" classname="org.openmrs.util.LocaleUtilityTest" time="0.002"/>
</testsuite>