<?xml version="1.0" encoding="UTF-8"?>
<testsuite name="org.openmrs.ObsTest" time="0.059" tests="58" errors="0" skipped="0" failures="0">
  <properties>
[...]
</properties>
  <testcase name="setGroupMembers_shouldNotMarkTheExistingObsAsDirtyWhenTheSetIsReplacedWithAnotherWithDifferentMembers" classname="org.openmrs.ObsTest" time="0"/>
  <testcase name="getValueAsString_shouldUseCommasOrDecimalPlacesDependingOnLocale" classname="org.openmrs.ObsTest" time="0.006"/>
  <testcase name="isDirty_shouldReturnTrueWhenAnyImmutableFieldHasBeenChangedForEditedObs" classname="org.openmrs.ObsTest" time="0.003"/>
  <testcase name="shouldSetFinalStatusOnNewObsByDefault" classname="org.openmrs.ObsTest" time="0"/>
  <testcase name="removeGroupMember_shouldReturnFalseForDirtyFlagWhenAnObsIsRemovedFromGroup" classname="org.openmrs.ObsTest" time="0"/>
  <testcase name="isComplex_shouldReturnTrueIfTheConceptIsComplex" classname="org.openmrs.ObsTest" time="0.003"/>
  <testcase name="isDirty_shouldReturnFalseWhenAnImmutableFieldIsChangedFromANullToANonNullValueInNewObs" classname="org.openmrs.ObsTest" time="0"/>
  <testcase name="getValueAsBoolean_shouldReturnNullForValue_numericConceptsIfValueIsNeither1Nor0" classname="org.openmrs.ObsTest" time="0"/>
  <testcase name="getValueAsString_shouldNotReturnLongDecimalNumbersAsScientificNotation" classname="org.openmrs.ObsTest" time="0"/>
  <testcase name="setValueAsString_shouldFailIfTheValueOfTheStringIsEmpty" classname="org.openmrs.ObsTest" time="0"/>
  <testcase name="shouldSupportInterpretationProperty" classname="org.openmrs.ObsTest" time="0.001"/>
  <testcase name="setObsDateTime_shouldNotMarkTheObsAsDirtyWhenDateIsNotChangedAndExistingValueIsOfTimeStampType" classname="org.openmrs.ObsTest" time="0"/>
  <testcase name="addGroupMember_shouldReturnFalseWhenANewObsIsAddedAsAMember" classname="org.openmrs.ObsTest" time="0"/>
  <testcase name="isDirty_shouldReturnTrueWhenAnImmutableFieldIsChangedFromANullToANonNullValueInExistingObs" classname="org.openmrs.ObsTest" time="0"/>
  <testcase name="getValueAsString_shouldReturnRegularNumberIfDecimalPlacesAreAsHighAsSix" classname="org.openmrs.ObsTest" time="0.001"/>
  <testcase name="getValueAsString_shouldReturnLocalizedCodedConcept" classname="org.openmrs.ObsTest" time="0.003"/>
  <testcase name="setFormField_shouldMarkTheObsAsDirtyWhenTheValueIsChangedFromANonNullToANullValue" classname="org.openmrs.ObsTest" time="0"/>
  <testcase name="removeGroupMember_shouldReturnDirtyFalseWhenAnObsIsRemoved" classname="org.openmrs.ObsTest" time="0"/>
  <testcase name="setFormField_shouldMarkTheObsAsDirtyWhenTheValueHasBeenChanged" classname="org.openmrs.ObsTest" time="0"/>
  <testcase name="setFormField_shouldRejectANamepaceContainingTheSeparator" classname="org.openmrs.ObsTest" time="0"/>
  <testcase name="newInstance_shouldCopyMostFields" classname="org.openmrs.ObsTest" time="0"/>
  <testcase name="setGroupMembers_shouldNotMarkNewObsAsDirtyWhenTheSetIsChangedFromNullToANonEmptyOne" classname="org.openmrs.ObsTest" time="0.003"/>
  <testcase name="isDirty_shouldReturnTrueWhenAnImmutableFieldIsChangedFromANonNullToANullValueForEditedObs" classname="org.openmrs.ObsTest" time="0.002"/>
  <testcase name="setValueAsString_shouldFailIfTheValueOfTheStringIsNull" classname="org.openmrs.ObsTest" time="0"/>
  <testcase name="addGroupMember_shouldReturnFalseWhenADuplicateObsIsAddedAsAMemberToNewObs" classname="org.openmrs.ObsTest" time="0"/>
  <testcase name="isDirty_shouldReturnFalseWhenNoChangeHasBeenMade" classname="org.openmrs.ObsTest" time="0.004"/>
  <testcase name="shouldAddandRemoveObsToGroup" classname="org.openmrs.ObsTest" time="0"/>
  <testcase name="setGroupMembers_shouldNotMarkTheObsAsDirtyWhenTheSetIsChangedFromNullToAnEmptyOne" classname="org.openmrs.ObsTest" time="0"/>
  <testcase name="getFormFieldPath_shouldReturnTheCorrectPathForAFormFieldWithANamespace" classname="org.openmrs.ObsTest" time="0"/>
  <testcase name="hasGroupMembers_shouldReturnTrueIfThisObsHasGroupMembersBasedOnParameter" classname="org.openmrs.ObsTest" time="0"/>
  <testcase name="getValueAsBoolean_shouldReturnTrueForValue_numericConceptsIfValueIs1" classname="org.openmrs.ObsTest" time="0"/>
  <testcase name="getValueAsString_shouldReturnRegularNumberForSizeOfZeroToOrGreaterThanTenDigits" classname="org.openmrs.ObsTest" time="0.001"/>
  <testcase name="setFormField_shouldMarkTheObsAsDirtyWhenTheValueIsChangedFromANullToANonNullValue" classname="org.openmrs.ObsTest" time="0"/>
  <testcase name="addGroupMember_shouldReturnFalseWhenADuplicateObsIsAddedAsAMember" classname="org.openmrs.ObsTest" time="0"/>
  <testcase name="setFormField_shouldNotMarkTheObsAsDirtyWhenTheValueHasNotBeenChanged" classname="org.openmrs.ObsTest" time="0"/>
  <testcase name="shouldGetRelatedObservations" classname="org.openmrs.ObsTest" time="0"/>
  <testcase name="getFormFieldNamespace_shouldReturnTheCorrectNamespaceForAFormFieldWithAPath" classname="org.openmrs.ObsTest" time="0"/>
  <testcase name="setGroupMembers_shouldNotMarkTheObsAsDirtyWhenTheSetIsReplacedWithAnotherWithSameMembers" classname="org.openmrs.ObsTest" time="0.001"/>
  <testcase name="isDirty_shouldReturnFalseWhenAnyImmutableFieldHasBeenChangedForNewObs" classname="org.openmrs.ObsTest" time="0.001"/>
  <testcase name="getValueAsString_shouldReturnDateInCorrectFormat" classname="org.openmrs.ObsTest" time="0.001"/>
  <testcase name="getFormFieldPath_shouldReturnNullIfThePathIsNotSpecified" classname="org.openmrs.ObsTest" time="0.001"/>
  <testcase name="isDirty_shouldReturnFalsWhenAnImmutableFieldIsChangedFromANonNullToANullValueForNewObs" classname="org.openmrs.ObsTest" time="0.009"/>
  <testcase name="removeGroupMember_shouldReturnFalseWhenANonExistentObsIsRemoved" classname="org.openmrs.ObsTest" time="0"/>
  <testcase name="getFormFieldNamespace_shouldReturnTheNamespaceForAFormFieldThatHasNoPath" classname="org.openmrs.ObsTest" time="0"/>
  <testcase name="isObsGrouping_shouldIncludeVoidedObs" classname="org.openmrs.ObsTest" time="0"/>
  <testcase name="getValueAsBoolean_shouldReturnFalseForValue_numericConceptsIfValueIs0" classname="org.openmrs.ObsTest" time="0"/>
  <testcase name="setValueBoolean_shouldNotSetValueForNonBooleanConcept" classname="org.openmrs.ObsTest" time="0"/>
  <testcase name="isDirty_shouldReturnFalseWhenOnlyMutableFieldsAreChanged" classname="org.openmrs.ObsTest" time="0"/>
  <testcase name="setFormField_shouldSetTheUnderlyingFormNamespaceAndPathInTheCorrectPattern" classname="org.openmrs.ObsTest" time="0"/>
  <testcase name="setGroupMembers_shouldNotMarkTheNewObsAsDirtyWhenTheSetIsReplacedWithAnotherWithDifferentMembers" classname="org.openmrs.ObsTest" time="0"/>
  <testcase name="getValueAsString_shouldReturnNonPreciseValuesForNumericConcepts" classname="org.openmrs.ObsTest" time="0"/>
  <testcase name="getFormFieldNamespace_shouldReturnNullIfTheNamespaceIsNotSpecified" classname="org.openmrs.ObsTest" time="0"/>
  <testcase name="setFormField_shouldRejectAPathContainingTheSeparator" classname="org.openmrs.ObsTest" time="0"/>
  <testcase name="getGroupMembers_shouldGetAllGroupMembersIfPassedTrueAndNonvoidedIfPassedFalse" classname="org.openmrs.ObsTest" time="0.001"/>
  <testcase name="getFormFieldPath_shouldReturnThePathForAFormFieldThatHasNoNamespace" classname="org.openmrs.ObsTest" time="0"/>
  <testcase name="setGroupMembers_shouldNotMarkTheExistingObsAsDirtyWhenTheSetIsChangedFromNullToANonEmptyOne" classname="org.openmrs.ObsTest" time="0"/>
  <testcase name="getValueAsString_shouldNotUseThousandSeparator" classname="org.openmrs.ObsTest" time="0.017"/>
  <testcase name="setFormField_shouldRejectANamepaceAndPathCombinationLongerThanTheMaxLength" classname="org.openmrs.ObsTest" time="0.001"/>
</testsuite>