<?xml version="1.0" encoding="UTF-8"?>
<testsuite name="org.openmrs.AllergiesTest" time="0.794" tests="26" errors="0" skipped="0" failures="0">
  <properties>
[...]
</properties>
  <testcase name="addAll6_shouldNotAllowDuplicateNonCodedAllergen" classname="org.openmrs.AllergiesTest" time="0.031"/>
  <testcase name="addAll4_shouldNotAllowDuplicateCodedAllergen" classname="org.openmrs.AllergiesTest" time="0.046"/>
  <testcase name="addAll_shouldAllowNonDuplicateNonCodedAllergen" classname="org.openmrs.AllergiesTest" time="0.025"/>
  <testcase name="addAll_shouldNotAllowDuplicateNonCodedAllergen" classname="org.openmrs.AllergiesTest" time="0.033"/>
  <testcase name="add_shouldNotAllowDuplicateCodedAllergen" classname="org.openmrs.AllergiesTest" time="0.021"/>
  <testcase name="addAll2_shouldNotAllowDuplicateCodedAllergen" classname="org.openmrs.AllergiesTest" time="0.022"/>
  <testcase name="shouldThrowAnErrorWhenTryingConfirmNoKnowAllergiesWhileAllergiesIsNotEmpty" classname="org.openmrs.AllergiesTest" time="0.026"/>
  <testcase name="add_shouldAllowNonDuplicateNonCodedAllergen" classname="org.openmrs.AllergiesTest" time="0.032"/>
  <testcase name="add_shouldNotAllowDuplicateNonCodedAllergen" classname="org.openmrs.AllergiesTest" time="0.034"/>
  <testcase name="shouldAddAllergyCollectionAndSetCorrectStatus" classname="org.openmrs.AllergiesTest" time="0.037"/>
  <testcase name="add2_shouldAllowNonDuplicateNonCodedAllergen" classname="org.openmrs.AllergiesTest" time="0.025"/>
  <testcase name="addAll_shouldNotAllowDuplicateCodedAllergen" classname="org.openmrs.AllergiesTest" time="0.021"/>
  <testcase name="add2_shouldNotAllowDuplicateNonCodedAllergen" classname="org.openmrs.AllergiesTest" time="0.026"/>
  <testcase name="addAll5_shouldNotAllowDuplicateCodedAllergen" classname="org.openmrs.AllergiesTest" time="0.022"/>
  <testcase name="shouldClearAllergyAndSetCorrectStatus" classname="org.openmrs.AllergiesTest" time="0.024"/>
  <testcase name="add_shouldAllowNonDuplicateCodedAllergen" classname="org.openmrs.AllergiesTest" time="0.021"/>
  <testcase name="addAll2_shouldAllowNonDuplicateCodedAllergen" classname="org.openmrs.AllergiesTest" time="0.022"/>
  <testcase name="shouldRemoveAllergyAndSetCorrectStatus" classname="org.openmrs.AllergiesTest" time="0.022"/>
  <testcase name="addAll7_shouldNotAllowDuplicateNonCodedAllergen" classname="org.openmrs.AllergiesTest" time="0.026"/>
  <testcase name="add2_shouldNotAllowDuplicateCodedAllergen" classname="org.openmrs.AllergiesTest" time="0.036"/>
  <testcase name="addAll_shouldAllowNonDuplicateCodedAllergen" classname="org.openmrs.AllergiesTest" time="0.039"/>
  <testcase name="shouldConfirmNoKnownAllergies" classname="org.openmrs.AllergiesTest" time="0.077"/>
  <testcase name="shouldAddAllergyAndSetCorrectStatus" classname="org.openmrs.AllergiesTest" time="0.042"/>
  <testcase name="addAll2_shouldAllowNonDuplicateNonCodedAllergen" classname="org.openmrs.AllergiesTest" time="0.033"/>
  <testcase name="addAll2_shouldNotAllowDuplicateNonCodedAllergen" classname="org.openmrs.AllergiesTest" time="0.026"/>
  <testcase name="add2_shouldAllowNonDuplicateCodedAllergen" classname="org.openmrs.AllergiesTest" time="0.025"/>
</testsuite>