<?xml version="1.0" encoding="UTF-8"?>
<testsuite name="org.openmrs.api.ProviderServiceTest" time="0.783" tests="40" errors="0" skipped="2" failures="0">
  <properties>
[...]
</properties>
  <testcase name="unretireProvider_shouldUnretireAProvider" classname="org.openmrs.api.ProviderServiceTest" time="0.21"/>
  <testcase name="getProviders_shouldFetchProviderByMatchingQueryStringWithAnyUnVoidedPersonsFamilyName" classname="org.openmrs.api.ProviderServiceTest" time="0.02"/>
  <testcase name="getProviderAttributeTypeByUuid_shouldGetTheProviderAttributeTypeByItsUuid" classname="org.openmrs.api.ProviderServiceTest" time="0.015"/>
  <testcase name="getProviders_shouldGetAllProvidersWithGivenAttributeValues" classname="org.openmrs.api.ProviderServiceTest" time="0.017"/>
  <testcase name="getProviders_shouldReturnAllProvidersIfQueryIsEmptyAndIncludeRetiredTrue" classname="org.openmrs.api.ProviderServiceTest" time="0.014"/>
  <testcase name="retireProviderAttributeType_shouldRetireProviderTypeAttribute" classname="org.openmrs.api.ProviderServiceTest" time="0.019"/>
  <testcase name="getProviders_shouldFindProviderByIdentifier" classname="org.openmrs.api.ProviderServiceTest" time="0.013"/>
  <testcase name="isProviderIdentifierUnique_shouldReturnTrueIfTheIdentifierIsABlankString" classname="org.openmrs.api.ProviderServiceTest" time="0.011"/>
  <testcase name="getAllProviders_shouldGetAllProvidersThatAreUnretired" classname="org.openmrs.api.ProviderServiceTest" time="0.028"/>
  <testcase name="getProvidersByPerson_shouldReturnProvidersForGivenPerson" classname="org.openmrs.api.ProviderServiceTest" time="0.013"/>
  <testcase name="getProviderAttributeByUuid_shouldGetProviderAttributeGivenUuid" classname="org.openmrs.api.ProviderServiceTest" time="0.013"/>
  <testcase name="getProviders_shouldFetchProviderByMatchingQueryStringWithAnyUnVoidedPersonNamesGivenName" classname="org.openmrs.api.ProviderServiceTest" time="0.017"/>
  <testcase name="retireProvider_shouldRetireAProvider" classname="org.openmrs.api.ProviderServiceTest" time="0.013"/>
  <testcase name="getProviders_shouldNotReturnRetiredProvidersIfIncludeRetiredIsFalse" classname="org.openmrs.api.ProviderServiceTest" time="0.015"/>
  <testcase name="purgeProvider_shouldDeleteAProvider" classname="org.openmrs.api.ProviderServiceTest" time="0.012"/>
  <testcase name="purgeProviderAttributeType_shouldDeleteAProviderAttributeType" classname="org.openmrs.api.ProviderServiceTest" time="0.01"/>
  <testcase name="getCountOfProviders_shouldExcludeRetiredProviders" classname="org.openmrs.api.ProviderServiceTest" time="0">
    <skipped/>
  </testcase>
  <testcase name="getProviderAttributeType_shouldGetProviderAttributeTypeForTheGivenId" classname="org.openmrs.api.ProviderServiceTest" time="0.01"/>
  <testcase name="getProviders_shouldFetchProviderByMatchingQueryStringWithAnyUnVoidedPersonNamesMiddleName" classname="org.openmrs.api.ProviderServiceTest" time="0.014"/>
  <testcase name="saveProviderAttributeType_shouldSaveTheProviderAttributeType" classname="org.openmrs.api.ProviderServiceTest" time="0.013"/>
  <testcase name="getProviders_shouldFetchProviderWithGivenNameWithCaseInSensitive" classname="org.openmrs.api.ProviderServiceTest" time="0.012"/>
  <testcase name="getAllProviderAttributeTypes_shouldGetAllProviderAttributeTypesIncludingRetiredByDefault" classname="org.openmrs.api.ProviderServiceTest" time="0.01"/>
  <testcase name="getProviderAttribute_shouldGetProviderAttributeGivenID" classname="org.openmrs.api.ProviderServiceTest" time="0.012"/>
  <testcase name="getProvider_shouldGetProviderGivenID" classname="org.openmrs.api.ProviderServiceTest" time="0.013"/>
  <testcase name="saveProvider_shouldSaveAProviderWithPersonAlone" classname="org.openmrs.api.ProviderServiceTest" time="0.012"/>
  <testcase name="getProviderByIdentifier_shouldGetAProviderMatchingTheSpecifiedIdentifierIgnoringCase" classname="org.openmrs.api.ProviderServiceTest" time="0.011"/>
  <testcase name="getAllProviders_shouldGetAllProviders" classname="org.openmrs.api.ProviderServiceTest" time="0.014"/>
  <testcase name="getUnknownProvider_shouldGetTheUnknownProviderAccount" classname="org.openmrs.api.ProviderServiceTest" time="0.017"/>
  <testcase name="getAllProviderAttributeTypes_shouldGetAllProviderAttributeTypesExcludingRetired" classname="org.openmrs.api.ProviderServiceTest" time="0.014"/>
  <testcase name="getAllProviderAttributeTypes_shouldGetAllProviderAttributeTypesIncludingRetired" classname="org.openmrs.api.ProviderServiceTest" time="0.012"/>
  <testcase name="isProviderIdentifierUnique_shouldReturnFalseIfTheIdentifierIsADuplicate" classname="org.openmrs.api.ProviderServiceTest" time="0.018"/>
  <testcase name="getCountOfProviders_shouldIncludeRetiredProvidersIfIncludeRetiredIsSetToTrue" classname="org.openmrs.api.ProviderServiceTest" time="0">
    <skipped/>
  </testcase>
  <testcase name="getProviderByUuid_shouldGetProviderGivenUuid" classname="org.openmrs.api.ProviderServiceTest" time="0.013"/>
  <testcase name="getProviders_shouldNotFindAnyProvidersIfNoneHaveGivenAttributeValues" classname="org.openmrs.api.ProviderServiceTest" time="0.023"/>
  <testcase name="getProviders_shouldReturnRetiredProvidersByDefault" classname="org.openmrs.api.ProviderServiceTest" time="0.025"/>
  <testcase name="getCountOfProviders_shouldFetchNumberOfProviderMatchingGivenQuery" classname="org.openmrs.api.ProviderServiceTest" time="0.027"/>
  <testcase name="getProvidersByPerson_shouldFailIfPersonIsNull" classname="org.openmrs.api.ProviderServiceTest" time="0.015"/>
  <testcase name="isProviderIdentifierUnique_shouldReturnTrueIfTheIdentifierIsNull" classname="org.openmrs.api.ProviderServiceTest" time="0.017"/>
  <testcase name="getProviders_shouldNotFetchProviderIfTheQueryStringMatchesWithAnyVoidedPersonNameForThat" classname="org.openmrs.api.ProviderServiceTest" time="0.018"/>
  <testcase name="unretireProviderAttributeType_shouldUnretireAProviderAttributeType" classname="org.openmrs.api.ProviderServiceTest" time="0.023"/>
</testsuite>