<?xml version="1.0" encoding="UTF-8"?>
<testsuite name="org.openmrs.api.db.hibernate.HibernatePersonDAOTest" time="3.332" tests="41" errors="0" skipped="0" failures="0">
  <properties>
[...]
</properties>
  <testcase name="getPeople_shouldGetNoOneByNonexistingNameAndNonsearchableAttribute" classname="org.openmrs.api.db.hibernate.HibernatePersonDAOTest" time="0.247"/>
  <testcase name="getPeople_shouldGetVoidedByVoidedNameWhenVoidedIsTrue" classname="org.openmrs.api.db.hibernate.HibernatePersonDAOTest" time="0.145"/>
  <testcase name="getPeople_shouldGetNoOneByNonexistingAttribute" classname="org.openmrs.api.db.hibernate.HibernatePersonDAOTest" time="0.099"/>
  <testcase name="getPeople_shouldGetMultiplePeopleByMiddleName" classname="org.openmrs.api.db.hibernate.HibernatePersonDAOTest" time="0.081"/>
  <testcase name="getPeople_shouldGetOnePersonByFamilyName" classname="org.openmrs.api.db.hibernate.HibernatePersonDAOTest" time="0.084"/>
  <testcase name="getPeople_shouldGetNoOneByVoidedAttribute" classname="org.openmrs.api.db.hibernate.HibernatePersonDAOTest" time="0.083"/>
  <testcase name="getPeople_shouldGetOnePersonBySearchingForAMixOfAttributeAndVoidedAttribute" classname="org.openmrs.api.db.hibernate.HibernatePersonDAOTest" time="0.078"/>
  <testcase name="getPeople_shouldGetOnePersonByName" classname="org.openmrs.api.db.hibernate.HibernatePersonDAOTest" time="0.091"/>
  <testcase name="getPeople_shouldGetOnePersonByGivenName" classname="org.openmrs.api.db.hibernate.HibernatePersonDAOTest" time="0.078"/>
  <testcase name="getPeople_shouldNotGetDeadPerson" classname="org.openmrs.api.db.hibernate.HibernatePersonDAOTest" time="0.061"/>
  <testcase name="getPeople_shouldGetMultiplePeopleByGivenName" classname="org.openmrs.api.db.hibernate.HibernatePersonDAOTest" time="0.08"/>
  <testcase name="getPeople_shouldNotGetVoided" classname="org.openmrs.api.db.hibernate.HibernatePersonDAOTest" time="0.111"/>
  <testcase name="getPeople_shouldGetSingleDeadPerson" classname="org.openmrs.api.db.hibernate.HibernatePersonDAOTest" time="0.071"/>
  <testcase name="getPeople_shouldGetNoOneByNonexistingNameAndNonexistingAttribute" classname="org.openmrs.api.db.hibernate.HibernatePersonDAOTest" time="0.08"/>
  <testcase name="getPeople_shouldObeyAttributeMatchMode" classname="org.openmrs.api.db.hibernate.HibernatePersonDAOTest" time="0.104"/>
  <testcase name="savePerson_shouldSavePersonWithBirthDateTime" classname="org.openmrs.api.db.hibernate.HibernatePersonDAOTest" time="0.096"/>
  <testcase name="getPeople_shouldGetNoOneByVoidedName" classname="org.openmrs.api.db.hibernate.HibernatePersonDAOTest" time="0.072"/>
  <testcase name="getPeople_shouldGetOnePersonByMultipleNameParts" classname="org.openmrs.api.db.hibernate.HibernatePersonDAOTest" time="0.079"/>
  <testcase name="getPeople_shouldGetMultipleDeadPeople" classname="org.openmrs.api.db.hibernate.HibernatePersonDAOTest" time="0.074"/>
  <testcase name="getPeople_shouldGetMultiplePeopleByMultipleNames" classname="org.openmrs.api.db.hibernate.HibernatePersonDAOTest" time="0.061"/>
  <testcase name="getPeople_shouldGetMultiplePeopleByFamilyName" classname="org.openmrs.api.db.hibernate.HibernatePersonDAOTest" time="0.074"/>
  <testcase name="getPeople_shouldGetNoOneByNonexistingName" classname="org.openmrs.api.db.hibernate.HibernatePersonDAOTest" time="0.08"/>
  <testcase name="getPeople_shouldGetOnePersonByNameAndAttribute" classname="org.openmrs.api.db.hibernate.HibernatePersonDAOTest" time="0.076"/>
  <testcase name="getPeople_shouldGetMultiplePeopleBySingleName" classname="org.openmrs.api.db.hibernate.HibernatePersonDAOTest" time="0.069"/>
  <testcase name="getPeople_shouldGetOnePersonByRandomCaseName" classname="org.openmrs.api.db.hibernate.HibernatePersonDAOTest" time="0.088"/>
  <testcase name="getPeople_shouldNotGetVoidedPerson" classname="org.openmrs.api.db.hibernate.HibernatePersonDAOTest" time="0.073"/>
  <testcase name="getPeople_shouldGetOnePersonByRandomCaseAttribute" classname="org.openmrs.api.db.hibernate.HibernatePersonDAOTest" time="0.083"/>
  <testcase name="getPeople_shouldGetMultiplePeopleByFamilyName2" classname="org.openmrs.api.db.hibernate.HibernatePersonDAOTest" time="0.065"/>
  <testcase name="getPeople_shouldGetNoOneByNull" classname="org.openmrs.api.db.hibernate.HibernatePersonDAOTest" time="0.088"/>
  <testcase name="getPeople_shouldGetEveryOneByEmptyStringIncludingVoided" classname="org.openmrs.api.db.hibernate.HibernatePersonDAOTest" time="0.071"/>
  <testcase name="getPeople_shouldGetMultiplePeopleBySingleAttribute" classname="org.openmrs.api.db.hibernate.HibernatePersonDAOTest" time="0.072"/>
  <testcase name="getPeople_shouldGetNoOneByNonsearchableAttribute" classname="org.openmrs.api.db.hibernate.HibernatePersonDAOTest" time="0.065"/>
  <testcase name="getPeople_shouldGetOnePersonByMiddleName" classname="org.openmrs.api.db.hibernate.HibernatePersonDAOTest" time="0.059"/>
  <testcase name="getPeople_shouldGetMultiplePeopleByMultipleAttributes" classname="org.openmrs.api.db.hibernate.HibernatePersonDAOTest" time="0.063"/>
  <testcase name="getPeople_shouldGetEveryOneExceptVoidedByEmptyString" classname="org.openmrs.api.db.hibernate.HibernatePersonDAOTest" time="0.055"/>
  <testcase name="getPeople_shouldGetNoOneByNonexistingNameAndVoidedAttribute" classname="org.openmrs.api.db.hibernate.HibernatePersonDAOTest" time="0.064"/>
  <testcase name="getPeople_shouldGetOnePersonByAttribute" classname="org.openmrs.api.db.hibernate.HibernatePersonDAOTest" time="0.065"/>
  <testcase name="getPeople_shouldGetOnePersonByNameAndVoidedAttribute" classname="org.openmrs.api.db.hibernate.HibernatePersonDAOTest" time="0.063"/>
  <testcase name="getPeople_shouldGetMultiplePeopleByMultipleNameParts" classname="org.openmrs.api.db.hibernate.HibernatePersonDAOTest" time="0.061"/>
  <testcase name="getPeople_shouldGetMultiplePeopleByNameAndAttribute" classname="org.openmrs.api.db.hibernate.HibernatePersonDAOTest" time="0.066"/>
  <testcase name="getPeople_shouldGetOnePersonByFamilyName2" classname="org.openmrs.api.db.hibernate.HibernatePersonDAOTest" time="0.057"/>
</testsuite>