<?xml version="1.0" encoding="UTF-8"?>
<testsuite name="org.openmrs.validator.PatientProgramValidatorTest" time="0.277" tests="22" errors="0" skipped="0" failures="0">
  <properties>
[...]
</properties>
  <testcase name="validate_shouldFailIfAPatientIsInMultipleStatesInTheSameWorkFlow" classname="org.openmrs.validator.PatientProgramValidatorTest" time="0.16"/>
  <testcase name="validate_shouldFailIfThePatientFieldIsBlank" classname="org.openmrs.validator.PatientProgramValidatorTest" time="0.003"/>
  <testcase name="validate_shouldFailIfAPatientProgramHasDuplicateStatesInTheSameWorkFlow" classname="org.openmrs.validator.PatientProgramValidatorTest" time="0.008"/>
  <testcase name="validate_shouldPassForAValidProgram" classname="org.openmrs.validator.PatientProgramValidatorTest" time="0.006"/>
  <testcase name="validate_shouldPassIfTheStartDateOfTheFirstPatientStateInTheWorkFlowIsNull" classname="org.openmrs.validator.PatientProgramValidatorTest" time="0.006"/>
  <testcase name="validate_shouldFailIfThereIsMoreThanOnePatientStateWithTheSameStatesAndStartDates" classname="org.openmrs.validator.PatientProgramValidatorTest" time="0.006"/>
  <testcase name="validate_shouldNotFailIfPatientStateIsInRetiredWorkflow" classname="org.openmrs.validator.PatientProgramValidatorTest" time="0.006"/>
  <testcase name="validate_shouldFailValidationIfFieldLengthsAreNotCorrect" classname="org.openmrs.validator.PatientProgramValidatorTest" time="0.005"/>
  <testcase name="validate_shouldFailIfThereIsMoreThanOneStateWithANullStartDateInTheSameWorkflow" classname="org.openmrs.validator.PatientProgramValidatorTest" time="0.005"/>
  <testcase name="validate_shouldFailIfPatientProgramEndDateIsInFuture" classname="org.openmrs.validator.PatientProgramValidatorTest" time="0.005"/>
  <testcase name="validate_shouldFailIfPatientProgramEndDateComesBeforeItsEnrolledDate" classname="org.openmrs.validator.PatientProgramValidatorTest" time="0.006"/>
  <testcase name="validate_shouldPassValidationIfFieldLengthsAreCorrect" classname="org.openmrs.validator.PatientProgramValidatorTest" time="0.004"/>
  <testcase name="validate_shouldFailValidationIfObjIsNull" classname="org.openmrs.validator.PatientProgramValidatorTest" time="0.002"/>
  <testcase name="validate_shouldPassIfAPatientIsInMultipleStatesInDifferentWorkFlows" classname="org.openmrs.validator.PatientProgramValidatorTest" time="0.004"/>
  <testcase name="validate_shouldFailIfPatientProgramEnrollDateIsEmpty" classname="org.openmrs.validator.PatientProgramValidatorTest" time="0.004"/>
  <testcase name="validate_shouldFailIfAPatientStateHasAnInvalidWorkFlowState" classname="org.openmrs.validator.PatientProgramValidatorTest" time="0.009"/>
  <testcase name="validate_shouldFailIfPatientProgramEnrolledDateIsInFuture" classname="org.openmrs.validator.PatientProgramValidatorTest" time="0.005"/>
  <testcase name="validate_shouldFailIfAnyPatientStateHasANullWorkFlowState" classname="org.openmrs.validator.PatientProgramValidatorTest" time="0.004"/>
  <testcase name="validate_shouldFailIfTheProgramPropertyIsNull" classname="org.openmrs.validator.PatientProgramValidatorTest" time="0.002"/>
  <testcase name="validate_shouldPassForPatientStatesThatHaveTheSameStartDatesInTheSameWorkFlow" classname="org.openmrs.validator.PatientProgramValidatorTest" time="0.005"/>
  <testcase name="validate_shouldFailIfAnyPatientStatesOverlapEachOtherInTheSameWorkFlow" classname="org.openmrs.validator.PatientProgramValidatorTest" time="0.017"/>
  <testcase name="validate_shouldFailIfAnyPatientStateHasAnEndDateBeforeItsStartDate" classname="org.openmrs.validator.PatientProgramValidatorTest" time="0.005"/>
</testsuite>