<?xml version="1.0" encoding="UTF-8"?>
<testsuite name="org.openmrs.api.VisitServiceTest" time="0.776" tests="60" errors="0" skipped="0" failures="0">
  <properties>
[...]
</properties>
  <testcase name="saveVisitType_shouldSaveNewVisitType" classname="org.openmrs.api.VisitServiceTest" time="0.156"/>
  <testcase name="getActiveVisitsByPatient_shouldReturnAllActiveVisitsForTheSpecifiedPatient" classname="org.openmrs.api.VisitServiceTest" time="0.015"/>
  <testcase name="unretireVisitAttributeType_shouldUnretireARetiredVisitAttributeType" classname="org.openmrs.api.VisitServiceTest" time="0.012"/>
  <testcase name="saveVisit_shouldAssociateEncounterWithVisitOnSaveEncounter" classname="org.openmrs.api.VisitServiceTest" time="0.008"/>
  <testcase name="getAllVisitTypes_shouldGetAllVisitTypes" classname="org.openmrs.api.VisitServiceTest" time="0.003"/>
  <testcase name="getVisits_shouldGetVisitsEndedBetweenTheGivenEndDates" classname="org.openmrs.api.VisitServiceTest" time="0.014"/>
  <testcase name="saveVisitAttributeType_shouldEditAnExistingVisitAttributeType" classname="org.openmrs.api.VisitServiceTest" time="0.008"/>
  <testcase name="getVisits_shouldGetVisitsThatAreStillOpenEvenIfMinStartDatetimeIsSpecified" classname="org.openmrs.api.VisitServiceTest" time="0.009"/>
  <testcase name="getVisitAttributeByUuid_shouldReturnNullIfNoVisitAttributeHasTheGivenUuid" classname="org.openmrs.api.VisitServiceTest" time="0.011"/>
  <testcase name="saveVisitAttributeType_shouldCreateANewVisitAttributeType" classname="org.openmrs.api.VisitServiceTest" time="0.014"/>
  <testcase name="unvoidVisit_shouldUnvoidEncountersVoidedWithVisit" classname="org.openmrs.api.VisitServiceTest" time="0.04"/>
  <testcase name="endVisit_shouldSetStopDateTimeAsCurrentDateIfStopDateIsNull" classname="org.openmrs.api.VisitServiceTest" time="0.009"/>
  <testcase name="saveVisit_shouldFailIfValidationErrorsAreFound" classname="org.openmrs.api.VisitServiceTest" time="0.005"/>
  <testcase name="retireVisitType_shouldRetireGivenVisitType" classname="org.openmrs.api.VisitServiceTest" time="0.006"/>
  <testcase name="saveVisit_shouldSaveNewVisitWithEncountersSuccessfully" classname="org.openmrs.api.VisitServiceTest" time="0.011"/>
  <testcase name="getVisits_shouldGetVisitsStartedBetweenTheGivenStartDates" classname="org.openmrs.api.VisitServiceTest" time="0.024"/>
  <testcase name="getVisits_shouldGetVisitsByVisitType" classname="org.openmrs.api.VisitServiceTest" time="0.003"/>
  <testcase name="purgeVisit_shouldEraseTheVisitFromTheDatabase" classname="org.openmrs.api.VisitServiceTest" time="0.007"/>
  <testcase name="getVisits_shouldGetVisitsByIndications" classname="org.openmrs.api.VisitServiceTest" time="0.005"/>
  <testcase name="getVisitsByPatient_shouldReturnAllUnvoidedVisitsForTheSpecifiedPatient" classname="org.openmrs.api.VisitServiceTest" time="0.005"/>
  <testcase name="getAllVisitTypes_shouldGetAllVisitTypesBasedOnIncludeRetiredFlag" classname="org.openmrs.api.VisitServiceTest" time="0.006"/>
  <testcase name="saveVisit_shouldUpdateAnExistingVisitInTheDatabase" classname="org.openmrs.api.VisitServiceTest" time="0.01"/>
  <testcase name="getVisitType_shouldGetCorrectVisitType" classname="org.openmrs.api.VisitServiceTest" time="0.005"/>
  <testcase name="endVisit_shouldFailIfValidationErrorsAreFound" classname="org.openmrs.api.VisitServiceTest" time="0.009"/>
  <testcase name="retireVisitAttributeType_shouldRetireAVisitAttributeType" classname="org.openmrs.api.VisitServiceTest" time="0.008"/>
  <testcase name="unretireVisitType_shouldUnretireGivenVisitType" classname="org.openmrs.api.VisitServiceTest" time="0.007"/>
  <testcase name="getVisitTypes_shouldGetCorrentVisitTypes" classname="org.openmrs.api.VisitServiceTest" time="0.007"/>
  <testcase name="getActiveVisitsByPatient_shouldReturnAllUnvoidedVisitsForTheSpecifiedPatient" classname="org.openmrs.api.VisitServiceTest" time="0.02"/>
  <testcase name="getActiveVisitsByPatient_shouldReturnAllUnvoidedActiveVisitsForTheSpecifiedPatient" classname="org.openmrs.api.VisitServiceTest" time="0.021"/>
  <testcase name="getVisits_shouldReturnAllVisitsIfIncludeVoidedIsSetToTrue" classname="org.openmrs.api.VisitServiceTest" time="0.004"/>
  <testcase name="getVisits_shouldGetAllVisitsWithGivenAttributeValues" classname="org.openmrs.api.VisitServiceTest" time="0.011"/>
  <testcase name="stopVisits_shouldCloseAllUnvoidedActiveVisitMatchingTheSpecifiedVisitTypes" classname="org.openmrs.api.VisitServiceTest" time="0.02"/>
  <testcase name="getVisitAttributeByUuid_shouldGetTheVisitAttributeWithTheGivenUuid" classname="org.openmrs.api.VisitServiceTest" time="0.009"/>
  <testcase name="getAllVisitAttributeTypes_shouldReturnAllVisitAttributeTypesIncludingRetiredOnes" classname="org.openmrs.api.VisitServiceTest" time="0.009"/>
  <testcase name="saveVisit_shouldSaveAVisitThoughChangedByAndDateCreatedAreNotSetForVisitAttributeExplictly" classname="org.openmrs.api.VisitServiceTest" time="0.018"/>
  <testcase name="saveVisit_shouldBeAbleToAddAnAttributeToAVisit" classname="org.openmrs.api.VisitServiceTest" time="0.01"/>
  <testcase name="getVisits_shouldGetVisitsByLocations" classname="org.openmrs.api.VisitServiceTest" time="0.005"/>
  <testcase name="endVisit_shouldNotFailIfNoValidationErrorsAreFound" classname="org.openmrs.api.VisitServiceTest" time="0.009"/>
  <testcase name="saveVisit_shouldPassIfNoValidationErrorsAreFound" classname="org.openmrs.api.VisitServiceTest" time="0.009"/>
  <testcase name="voidVisit_shouldVoidEncountersWithVisit" classname="org.openmrs.api.VisitServiceTest" time="0.031"/>
  <testcase name="saveVisit_shouldAddANewVisitToTheDatabase" classname="org.openmrs.api.VisitServiceTest" time="0.006"/>
  <testcase name="shouldVoidASimpleAttribute" classname="org.openmrs.api.VisitServiceTest" time="0.011"/>
  <testcase name="getVisitAttributeType_shouldReturnNullIfNoVisitAttributeTypeExistsWithTheGivenId" classname="org.openmrs.api.VisitServiceTest" time="0.009"/>
  <testcase name="getVisitTypeByUuid_shouldGetCorrentVisitType" classname="org.openmrs.api.VisitServiceTest" time="0.004"/>
  <testcase name="purgeVisit_shouldFailIfTheVisitHasEncountersAssociatedToIt" classname="org.openmrs.api.VisitServiceTest" time="0.009"/>
  <testcase name="getVisitAttributeTypeByUuid_shouldReturnNullIfNoVisitAttributeTypeExistsWithTheGivenUuid" classname="org.openmrs.api.VisitServiceTest" time="0.01"/>
  <testcase name="saveVisit_shouldNotPersistNewEncounter" classname="org.openmrs.api.VisitServiceTest" time="0.01"/>
  <testcase name="unvoidVisit_shouldUnvoidTheVisitAndUnsetAllTheVoidRelatedFields" classname="org.openmrs.api.VisitServiceTest" time="0.011"/>
  <testcase name="purgeVisitAttributeType_shouldCompletelyRemoveAVisitAttributeType" classname="org.openmrs.api.VisitServiceTest" time="0.011"/>
  <testcase name="getAllVisits_shouldReturnAllUnvoidedVisits" classname="org.openmrs.api.VisitServiceTest" time="0.005"/>
  <testcase name="saveVisitType_shouldThrowErrorWhenNameIsNull" classname="org.openmrs.api.VisitServiceTest" time="0.003"/>
  <testcase name="voidVisit_shouldVoidTheVisitAndSetTheVoidReason" classname="org.openmrs.api.VisitServiceTest" time="0.026"/>
  <testcase name="getVisitAttributeType_shouldReturnTheVisitAttributeTypeWithTheGivenId" classname="org.openmrs.api.VisitServiceTest" time="0.01"/>
  <testcase name="saveVisit_shouldVoidAnAttributeIfMaxOccursIs1AndSameAttributeTypeAlreadyExists" classname="org.openmrs.api.VisitServiceTest" time="0.013"/>
  <testcase name="saveVisitType_shouldSaveEditedVisitType" classname="org.openmrs.api.VisitServiceTest" time="0.006"/>
  <testcase name="getVisits_shouldNotFindAnyVisitsIfNoneHaveGivenAttributeValues" classname="org.openmrs.api.VisitServiceTest" time="0.012"/>
  <testcase name="getVisitAttributeTypeByUuid_shouldReturnTheVisitAttributeTypeWithTheGivenUuid" classname="org.openmrs.api.VisitServiceTest" time="0.01"/>
  <testcase name="getVisitByUuid_shouldReturnAVisitMatchingTheSpecifiedUuid" classname="org.openmrs.api.VisitServiceTest" time="0.008"/>
  <testcase name="purgeVisitType_shouldDeleteGivenVisitType" classname="org.openmrs.api.VisitServiceTest" time="0.005"/>
  <testcase name="saveVisitType_shouldThrowErrorWhenNameIsEmptyString" classname="org.openmrs.api.VisitServiceTest" time="0.004"/>
</testsuite>