<?xml version="1.0" encoding="UTF-8"?>
<testsuite name="org.openmrs.validator.PersonNameValidatorTest" time="0.383" tests="59" errors="0" skipped="8" failures="0">
  <properties>
[...]
</properties>
  <testcase name="validate_shouldFailValidationIfPersonNameFamilyName2HasLeadingSpaces" classname="org.openmrs.validator.PersonNameValidatorTest" time="0">
    <skipped message="Unignore after investigating and fixing - RA-543"/>
  </testcase>
  <testcase name="validate_shouldPassValidationIfPersonNameMiddleNameIsLessThanMaxFieldLength" classname="org.openmrs.validator.PersonNameValidatorTest" time="0.135"/>
  <testcase name="validate_shouldFailValidationIfPersonNameMiddleNameHasTrailingSpaces" classname="org.openmrs.validator.PersonNameValidatorTest" time="0">
    <skipped message="Unignore after investigating and fixing - RA-543"/>
  </testcase>
  <testcase name="validate_shouldReportErrorsOnCorrectFieldNames" classname="org.openmrs.validator.PersonNameValidatorTest" time="0.003"/>
  <testcase name="validatePersonName_shouldReportErrorsWithNonStandardPrefixWhenCalledInHistoricWay" classname="org.openmrs.validator.PersonNameValidatorTest" time="0.003"/>
  <testcase name="validate_shouldFailValidationIfPersonNameDegreeIsTooLong" classname="org.openmrs.validator.PersonNameValidatorTest" time="0.004"/>
  <testcase name="validate_shouldPassValidationIfPersonNameFamilyNamePrefixIsLessThanMaxFieldLength" classname="org.openmrs.validator.PersonNameValidatorTest" time="0.002"/>
  <testcase name="validate_shouldFailValidationIfPersonNameMiddleNameHasLeadingSpaces" classname="org.openmrs.validator.PersonNameValidatorTest" time="0">
    <skipped message="Unignore after investigating and fixing - RA-543"/>
  </testcase>
  <testcase name="validate_shouldFailValidationIfPersonNameGivenNameHasTrailingSpaces" classname="org.openmrs.validator.PersonNameValidatorTest" time="0">
    <skipped message="Unignore after investigating and fixing - RA-543"/>
  </testcase>
  <testcase name="validate_shouldSkipRegexValidationIfValidationStringIsEmpty" classname="org.openmrs.validator.PersonNameValidatorTest" time="0.004"/>
  <testcase name="validate_shouldFailValidationIfPersonNameGivenNameIsNull" classname="org.openmrs.validator.PersonNameValidatorTest" time="0.005"/>
  <testcase name="validate_shouldFailValidationIfPersonNameFamilyName2HasTrailingSpaces" classname="org.openmrs.validator.PersonNameValidatorTest" time="0">
    <skipped message="Unignore after investigating and fixing - RA-543"/>
  </testcase>
  <testcase name="validate_shouldPassValidationIfPersonNamePrefixIsExactlyMaxLength" classname="org.openmrs.validator.PersonNameValidatorTest" time="0.005"/>
  <testcase name="validate_shouldPassValidationIfPersonNameFamilyName2IsExactlyMaxLength" classname="org.openmrs.validator.PersonNameValidatorTest" time="0.004"/>
  <testcase name="validate_shouldFailValidationIfPersonNameFamilyNameHasLeadingSpaces" classname="org.openmrs.validator.PersonNameValidatorTest" time="0">
    <skipped message="Unignore after investigating and fixing - RA-543"/>
  </testcase>
  <testcase name="validate_shouldFailValidationIfPersonNameGivenNameIsInvalid" classname="org.openmrs.validator.PersonNameValidatorTest" time="0.005"/>
  <testcase name="validate_shouldPassValidationIfPersonNameMiddleNameIsExactlyMaxLength" classname="org.openmrs.validator.PersonNameValidatorTest" time="0.005"/>
  <testcase name="validate_shouldFailValidationIfPersonNameGivenNameHasLeadingSpaces" classname="org.openmrs.validator.PersonNameValidatorTest" time="0">
    <skipped message="Unignore after investigating and fixing - RA-543"/>
  </testcase>
  <testcase name="validate_shouldPassValidationIfPersonNameFamilyNameSuffixIsExactlyMaxLength" classname="org.openmrs.validator.PersonNameValidatorTest" time="0.004"/>
  <testcase name="validate_shouldFailValidationIfPersonNameMiddleNameIsInvalid" classname="org.openmrs.validator.PersonNameValidatorTest" time="0.005"/>
  <testcase name="validate_shouldPassValidationIfPersonNameFamilyNameIsExactlyMaxLength" classname="org.openmrs.validator.PersonNameValidatorTest" time="0.003"/>
  <testcase name="validate_shouldFailValidationIfFieldLengthsAreNotCorrect" classname="org.openmrs.validator.PersonNameValidatorTest" time="0.005"/>
  <testcase name="validate_shouldFailValidationIfPersonNameFamilyNameSuffixIsTooLong" classname="org.openmrs.validator.PersonNameValidatorTest" time="0.005"/>
  <testcase name="validate_shouldPassValidationIfPersonNameDegreeIsExactlyMaxLength" classname="org.openmrs.validator.PersonNameValidatorTest" time="0.004"/>
  <testcase name="validate_shouldFailValidationIfPersonNameFamilyNameIsInvalid" classname="org.openmrs.validator.PersonNameValidatorTest" time="0.004"/>
  <testcase name="validate_shouldFailValidationIfPersonNameGivenNameIsJustSpaces" classname="org.openmrs.validator.PersonNameValidatorTest" time="0.003"/>
  <testcase name="validate_shouldPassValidationIfPersonNameGivenNameIsLessThanMaxFieldLength" classname="org.openmrs.validator.PersonNameValidatorTest" time="0.005"/>
  <testcase name="validate_shouldPassValidationIfPersonNameFamilyName2IsLessThanMaxFieldLength" classname="org.openmrs.validator.PersonNameValidatorTest" time="0.005"/>
  <testcase name="validate_shouldPassValidationIfPersonNameFamilyName2IsValid" classname="org.openmrs.validator.PersonNameValidatorTest" time="0.005"/>
  <testcase name="validate_shouldFailValidationIfPersonNameFamilyNameHasTrailingSpaces" classname="org.openmrs.validator.PersonNameValidatorTest" time="0">
    <skipped message="Unignore after investigating and fixing - RA-543"/>
  </testcase>
  <testcase name="validate_shouldFailValidationIfPersonNameFamilyNameIsSpacesSurroundedByQuotationMarks" classname="org.openmrs.validator.PersonNameValidatorTest" time="0.005"/>
  <testcase name="validate_shouldPassValidationIfPersonNameDegreeIsLessThanMaxFieldLength" classname="org.openmrs.validator.PersonNameValidatorTest" time="0.004"/>
  <testcase name="validate_shouldPassValidationIfPersonNameFamilyNameSuffixIsLessThanMaxFieldLength" classname="org.openmrs.validator.PersonNameValidatorTest" time="0.004"/>
  <testcase name="validate_shouldPassValidationIfPersonNameGivenNameIsNotBlank" classname="org.openmrs.validator.PersonNameValidatorTest" time="0.007"/>
  <testcase name="validate_shouldFailValidationIfPersonNameGivenNameIsTooLong" classname="org.openmrs.validator.PersonNameValidatorTest" time="0.004"/>
  <testcase name="validate_shouldFailValidationIfPersonNameMiddleNameIsTooLong" classname="org.openmrs.validator.PersonNameValidatorTest" time="0.006"/>
  <testcase name="validate_shouldFailValidationIfPersonNameObjectIsNull" classname="org.openmrs.validator.PersonNameValidatorTest" time="0.013"/>
  <testcase name="validate_shouldFailValidationIfPersonNameFamilyName2IsInvalid" classname="org.openmrs.validator.PersonNameValidatorTest" time="0.004"/>
  <testcase name="validate_shouldPassValidationIfFieldLengthsAreCorrect" classname="org.openmrs.validator.PersonNameValidatorTest" time="0.017"/>
  <testcase name="validatePersonName_shouldNotValidateAgainstRegexForBlankNames" classname="org.openmrs.validator.PersonNameValidatorTest" time="0.009"/>
  <testcase name="validate_shouldPassValidationIfPersonNameFamilyNameIsNull" classname="org.openmrs.validator.PersonNameValidatorTest" time="0.008"/>
  <testcase name="validate_shouldPassValidationIfPersonNameFamilyNameIsJustSpaces" classname="org.openmrs.validator.PersonNameValidatorTest" time="0.005"/>
  <testcase name="validate_shouldFailValidationIfPersonNameGivenNameIsSpacesSurroundedByQuotationMarks" classname="org.openmrs.validator.PersonNameValidatorTest" time="0.005"/>
  <testcase name="validate_shouldFailValidationIfPersonNameFamilyNameIsTooLong" classname="org.openmrs.validator.PersonNameValidatorTest" time="0.003"/>
  <testcase name="validate_shouldPassValidationIfPersonNameFamilyNameIsEmpty" classname="org.openmrs.validator.PersonNameValidatorTest" time="0.003"/>
  <testcase name="validate_shouldPassValidationIfPersonNameFamilyNameIsValid" classname="org.openmrs.validator.PersonNameValidatorTest" time="0.008"/>
  <testcase name="validate_shouldFailValidationIfPersonNameGivenNameIsEmpty" classname="org.openmrs.validator.PersonNameValidatorTest" time="0.005"/>
  <testcase name="validate_shouldFailValidationIfPersonNameFamilyNamePrefixIsTooLong" classname="org.openmrs.validator.PersonNameValidatorTest" time="0.004"/>
  <testcase name="validate_shouldPassValidationIfPersonNameMiddleNameIsValid" classname="org.openmrs.validator.PersonNameValidatorTest" time="0.005"/>
  <testcase name="validate_shouldPassValidationIfPersonNameFamilyNameIsLessThanMaxFieldLength" classname="org.openmrs.validator.PersonNameValidatorTest" time="0.004"/>
  <testcase name="validate_shouldPassValidationIfNameIsInvalidButVoided" classname="org.openmrs.validator.PersonNameValidatorTest" time="0.004"/>
  <testcase name="validate_shouldPassValidationIfPersonNamePrefixIsLessThanMaxFieldLength" classname="org.openmrs.validator.PersonNameValidatorTest" time="0.003"/>
  <testcase name="validate_shouldPassValidationIfPersonNameFamilyNameIsNotBlank" classname="org.openmrs.validator.PersonNameValidatorTest" time="0.004"/>
  <testcase name="validate_shouldFailValidationIfPersonNameFamilyName2IsTooLong" classname="org.openmrs.validator.PersonNameValidatorTest" time="0.005"/>
  <testcase name="validate_shouldPassValidationIfPersonNameGivenNameIsExactlyMaxLength" classname="org.openmrs.validator.PersonNameValidatorTest" time="0.004"/>
  <testcase name="validate_shouldSkipRegexValidationIfValidationStringIsNull" classname="org.openmrs.validator.PersonNameValidatorTest" time="0.005"/>
  <testcase name="validate_shouldPassValidationIfPersonNameGivenNameIsValid" classname="org.openmrs.validator.PersonNameValidatorTest" time="0.004"/>
  <testcase name="validate_shouldFailValidationIfPersonNamePrefixIsTooLong" classname="org.openmrs.validator.PersonNameValidatorTest" time="0.004"/>
  <testcase name="validate_shouldPassValidationIfPersonNameFamilyNamePrefixIsExactlyMaxLength" classname="org.openmrs.validator.PersonNameValidatorTest" time="0.004"/>
</testsuite>